{
"contracts/DevOpsRegistry.sol":{"l":{"103":231,"104":231,"105":2,"107":229,"108":1,"110":228,"111":228,"112":228,"114":228,"115":684,"118":228,"119":228,"120":228,"125":35,"126":33,"131":167,"132":155,"137":185,"138":185,"139":181,"144":21,"145":21,"146":20,"151":47,"152":47,"153":53,"155":46,"160":69,"161":69,"162":66,"167":16,"168":14,"173":23,"174":23,"175":19,"177":22,"182":78,"183":78,"184":74,"189":12,"190":12,"191":11,"196":18,"197":18,"198":15,"200":17,"205":42,"206":40,"211":23,"212":22,"217":15,"218":13,"223":22,"224":20,"226":21,"231":17,"232":15,"240":8,"241":8,"242":8,"243":8,"244":8,"245":8,"253":6,"254":6,"255":6,"256":6,"257":6,"258":6,"266":20,"267":20,"268":20,"269":20,"270":20,"271":20,"279":11,"280":11,"281":11,"282":11,"283":11,"284":11,"292":6,"293":6,"294":6,"295":6,"296":6,"297":6,"305":7,"306":7,"307":7,"308":7,"309":7,"310":7,"319":46,"320":46,"321":46,"322":43,"324":3,"326":46,"328":46,"329":11,"330":11,"332":2,"333":2,"342":73,"343":73,"344":11,"346":62,"347":62,"355":58,"356":58,"357":3,"359":55,"360":55,"368":3,"369":3,"370":2,"371":1,"372":1,"374":1,"375":1,"386":22,"387":22,"388":22,"389":21,"391":1,"393":22,"395":22,"396":7,"397":3,"398":3,"400":7,"401":4,"402":4,"404":7,"405":7,"407":1,"408":1,"417":25,"418":25,"419":1,"421":24,"422":24,"430":18,"431":18,"432":1,"434":17,"435":17,"443":21,"444":21,"445":20,"447":1,"449":21,"451":21,"452":6,"453":3,"455":6,"456":3,"458":6,"459":6,"461":1,"462":1,"470":23,"471":1,"473":22,"474":22,"481":17,"482":1,"484":16,"485":16,"494":17,"495":17,"496":17,"497":14,"499":3,"501":17,"503":17,"504":2,"505":2,"506":2,"508":2,"509":2,"518":28,"519":28,"520":28,"528":25,"529":25,"530":25,"538":3,"539":3,"540":2,"541":1,"542":1,"543":1,"545":1,"546":1},"path":"/home/tobias/repos/masterthesis/EthOps/src/DevOpsRegistry/contracts/DevOpsRegistry.sol","s":{"1":231,"2":2,"3":229,"4":1,"5":228,"6":35,"7":167,"8":185,"9":185,"10":21,"11":21,"12":47,"13":47,"14":53,"15":69,"16":69,"17":16,"18":23,"19":23,"20":19,"21":78,"22":78,"23":12,"24":12,"25":18,"26":18,"27":15,"28":42,"29":23,"30":15,"31":22,"32":20,"33":17,"34":8,"35":8,"36":6,"37":6,"38":20,"39":20,"40":11,"41":11,"42":6,"43":7,"44":46,"45":46,"46":46,"47":46,"48":46,"49":11,"50":35,"51":2,"52":73,"53":73,"54":11,"55":62,"56":62,"57":58,"58":58,"59":3,"60":55,"61":55,"62":3,"63":3,"64":2,"65":1,"66":1,"67":22,"68":22,"69":22,"70":22,"71":22,"72":7,"73":7,"74":7,"75":15,"76":1,"77":25,"78":25,"79":1,"80":24,"81":24,"82":18,"83":18,"84":1,"85":17,"86":17,"87":21,"88":21,"89":21,"90":21,"91":6,"92":6,"93":6,"94":15,"95":1,"96":23,"97":1,"98":22,"99":22,"100":17,"101":1,"102":16,"103":16,"104":17,"105":17,"106":17,"107":17,"108":17,"109":2,"110":15,"111":2,"112":28,"113":28,"114":28,"115":25,"116":25,"117":25,"118":3,"119":3,"120":2,"121":1,"122":1},"b":{"1":[2,229],"2":[1,228],"3":[33,2],"4":[155,12],"5":[181,4],"6":[20,1],"7":[52,1],"8":[66,3],"9":[14,2],"10":[18,1],"11":[74,4],"12":[11,1],"13":[14,1],"14":[40,2],"15":[22,1],"16":[12,10],"17":[13,2],"18":[19,1],"19":[15,2],"20":[9,1],"21":[8,1],"22":[7,1],"23":[6,1],"24":[21,1],"25":[20,1],"26":[12,1],"27":[11,1],"28":[8,1],"29":[7,1],"30":[6,1],"31":[9,1],"32":[8,1],"33":[7,1],"34":[48,3],"35":[47,1],"36":[46,1],"37":[43,3],"38":[11,35],"39":[2,33],"40":[73,1],"41":[11,62],"42":[58,1],"43":[3,55],"44":[4,1],"45":[3,1],"46":[2,1],"47":[1,1],"48":[24,1],"49":[23,1],"50":[22,1],"51":[21,1],"52":[7,15],"53":[3,4],"54":[4,3],"55":[1,14],"56":[25,1],"57":[1,24],"58":[18,1],"59":[1,17],"60":[23,1],"61":[22,1],"62":[21,1],"63":[20,1],"64":[6,15],"65":[3,3],"66":[3,3],"67":[1,14],"68":[23,1],"69":[1,22],"70":[17,1],"71":[1,16],"72":[19,1],"73":[18,1],"74":[17,1],"75":[14,3],"76":[2,15],"77":[2,13],"78":[28,1],"79":[25,1],"80":[4,1],"81":[3,1],"82":[2,1],"83":[1,1]},"f":{"1":231,"2":35,"3":167,"4":185,"5":21,"6":47,"7":69,"8":16,"9":23,"10":78,"11":12,"12":18,"13":42,"14":23,"15":15,"16":22,"17":17,"18":8,"19":6,"20":20,"21":11,"22":6,"23":7,"24":46,"25":73,"26":58,"27":3,"28":22,"29":25,"30":18,"31":21,"32":23,"33":17,"34":17,"35":28,"36":25,"37":3},"fnMap":{"1":{"name":"constructor","line":102,"loc":{"start":{"line":102,"column":4},"end":{"line":121,"column":4}}},"2":{"name":"isMainPipeline","line":124,"loc":{"start":{"line":124,"column":4},"end":{"line":127,"column":4}}},"3":{"name":"isVoter","line":130,"loc":{"start":{"line":130,"column":4},"end":{"line":133,"column":4}}},"4":{"name":"vpExists","line":136,"loc":{"start":{"line":136,"column":4},"end":{"line":140,"column":4}}},"5":{"name":"vpUnique","line":143,"loc":{"start":{"line":143,"column":4},"end":{"line":147,"column":4}}},"6":{"name":"vpHasNotVoted","line":150,"loc":{"start":{"line":150,"column":4},"end":{"line":156,"column":4}}},"7":{"name":"rbpExists","line":159,"loc":{"start":{"line":159,"column":4},"end":{"line":163,"column":4}}},"8":{"name":"rbpUnique","line":166,"loc":{"start":{"line":166,"column":4},"end":{"line":169,"column":4}}},"9":{"name":"rbpNotVoted","line":172,"loc":{"start":{"line":172,"column":4},"end":{"line":178,"column":4}}},"10":{"name":"dpExists","line":181,"loc":{"start":{"line":181,"column":4},"end":{"line":185,"column":4}}},"11":{"name":"dpUnique","line":188,"loc":{"start":{"line":188,"column":4},"end":{"line":192,"column":4}}},"12":{"name":"dpNotVoted","line":195,"loc":{"start":{"line":195,"column":4},"end":{"line":201,"column":4}}},"13":{"name":"qpExists","line":204,"loc":{"start":{"line":204,"column":4},"end":{"line":207,"column":4}}},"14":{"name":"qpActive","line":210,"loc":{"start":{"line":210,"column":4},"end":{"line":213,"column":4}}},"15":{"name":"qpUnique","line":216,"loc":{"start":{"line":216,"column":4},"end":{"line":219,"column":4}}},"16":{"name":"qpNotVoted","line":222,"loc":{"start":{"line":222,"column":4},"end":{"line":227,"column":4}}},"17":{"name":"quorumValid","line":230,"loc":{"start":{"line":230,"column":4},"end":{"line":233,"column":4}}},"18":{"name":"nominateVoter","line":239,"loc":{"start":{"line":239,"column":4},"end":{"line":246,"column":4}}},"19":{"name":"releaseVoter","line":252,"loc":{"start":{"line":252,"column":4},"end":{"line":259,"column":4}}},"20":{"name":"createVersionProposal","line":265,"loc":{"start":{"line":265,"column":4},"end":{"line":272,"column":4}}},"21":{"name":"createDeploymentProposal","line":278,"loc":{"start":{"line":278,"column":4},"end":{"line":285,"column":4}}},"22":{"name":"createVersionQuorumProposal","line":291,"loc":{"start":{"line":291,"column":4},"end":{"line":298,"column":4}}},"23":{"name":"createRoleBindingQuorumProposal","line":304,"loc":{"start":{"line":304,"column":4},"end":{"line":311,"column":4}}},"24":{"name":"voteVersionProposal","line":318,"loc":{"start":{"line":318,"column":4},"end":{"line":335,"column":4}}},"25":{"name":"versionProposalAccepted","line":341,"loc":{"start":{"line":341,"column":4},"end":{"line":348,"column":4}}},"26":{"name":"versionProposalRejected","line":354,"loc":{"start":{"line":354,"column":4},"end":{"line":361,"column":4}}},"27":{"name":"triggerVersionProposalCheck","line":367,"loc":{"start":{"line":367,"column":4},"end":{"line":378,"column":4}}},"28":{"name":"voteRoleBindingProposal","line":385,"loc":{"start":{"line":385,"column":4},"end":{"line":410,"column":4}}},"29":{"name":"roleBindingProposalAccepted","line":416,"loc":{"start":{"line":416,"column":4},"end":{"line":423,"column":4}}},"30":{"name":"roleBindingProposalRejected","line":429,"loc":{"start":{"line":429,"column":4},"end":{"line":436,"column":4}}},"31":{"name":"voteQuorumProposal","line":442,"loc":{"start":{"line":442,"column":4},"end":{"line":464,"column":4}}},"32":{"name":"quorumProposalAccepted","line":469,"loc":{"start":{"line":469,"column":4},"end":{"line":475,"column":4}}},"33":{"name":"quorumProposalRejected","line":480,"loc":{"start":{"line":480,"column":4},"end":{"line":486,"column":4}}},"34":{"name":"voteDeploymentProposal","line":493,"loc":{"start":{"line":493,"column":4},"end":{"line":511,"column":4}}},"35":{"name":"deploymentProposalAccepted","line":517,"loc":{"start":{"line":517,"column":4},"end":{"line":521,"column":4}}},"36":{"name":"deploymentProposalRejected","line":527,"loc":{"start":{"line":527,"column":4},"end":{"line":531,"column":4}}},"37":{"name":"triggerDeploymentProposalCheck","line":537,"loc":{"start":{"line":537,"column":4},"end":{"line":549,"column":4}}}},"statementMap":{"1":{"start":{"line":104,"column":8},"end":{"line":104,"column":3113}},"2":{"start":{"line":105,"column":12},"end":{"line":105,"column":63}},"3":{"start":{"line":107,"column":8},"end":{"line":107,"column":3231}},"4":{"start":{"line":108,"column":12},"end":{"line":108,"column":63}},"5":{"start":{"line":114,"column":8},"end":{"line":114,"column":3501}},"6":{"start":{"line":125,"column":8},"end":{"line":125,"column":91}},"7":{"start":{"line":131,"column":8},"end":{"line":131,"column":70}},"8":{"start":{"line":137,"column":8},"end":{"line":137,"column":72}},"9":{"start":{"line":138,"column":8},"end":{"line":138,"column":112}},"10":{"start":{"line":144,"column":8},"end":{"line":144,"column":72}},"11":{"start":{"line":145,"column":8},"end":{"line":145,"column":95}},"12":{"start":{"line":151,"column":8},"end":{"line":151,"column":72}},"13":{"start":{"line":152,"column":8},"end":{"line":152,"column":4965}},"14":{"start":{"line":153,"column":12},"end":{"line":153,"column":109}},"15":{"start":{"line":160,"column":8},"end":{"line":160,"column":89}},"16":{"start":{"line":161,"column":8},"end":{"line":161,"column":113}},"17":{"start":{"line":167,"column":8},"end":{"line":167,"column":138}},"18":{"start":{"line":173,"column":8},"end":{"line":173,"column":78}},"19":{"start":{"line":174,"column":8},"end":{"line":174,"column":6030}},"20":{"start":{"line":175,"column":12},"end":{"line":175,"column":106}},"21":{"start":{"line":182,"column":8},"end":{"line":182,"column":90}},"22":{"start":{"line":183,"column":8},"end":{"line":183,"column":118}},"23":{"start":{"line":189,"column":8},"end":{"line":189,"column":90}},"24":{"start":{"line":190,"column":8},"end":{"line":190,"column":101}},"25":{"start":{"line":196,"column":8},"end":{"line":196,"column":80}},"26":{"start":{"line":197,"column":8},"end":{"line":197,"column":7150}},"27":{"start":{"line":198,"column":12},"end":{"line":198,"column":105}},"28":{"start":{"line":205,"column":8},"end":{"line":205,"column":95}},"29":{"start":{"line":211,"column":8},"end":{"line":211,"column":145}},"30":{"start":{"line":217,"column":8},"end":{"line":217,"column":154}},"31":{"start":{"line":223,"column":8},"end":{"line":223,"column":8187}},"32":{"start":{"line":224,"column":12},"end":{"line":224,"column":108}},"33":{"start":{"line":231,"column":8},"end":{"line":231,"column":67}},"34":{"start":{"line":240,"column":8},"end":{"line":240,"column":89}},"35":{"start":{"line":245,"column":8},"end":{"line":245,"column":37}},"36":{"start":{"line":253,"column":8},"end":{"line":253,"column":89}},"37":{"start":{"line":258,"column":8},"end":{"line":258,"column":36}},"38":{"start":{"line":266,"column":8},"end":{"line":266,"column":72}},"39":{"start":{"line":271,"column":8},"end":{"line":271,"column":41}},"40":{"start":{"line":279,"column":8},"end":{"line":279,"column":90}},"41":{"start":{"line":284,"column":8},"end":{"line":284,"column":53}},"42":{"start":{"line":297,"column":8},"end":{"line":297,"column":49}},"43":{"start":{"line":310,"column":8},"end":{"line":310,"column":53}},"44":{"start":{"line":319,"column":8},"end":{"line":319,"column":72}},"45":{"start":{"line":320,"column":8},"end":{"line":320,"column":46}},"46":{"start":{"line":321,"column":8},"end":{"line":321,"column":12525}},"47":{"start":{"line":326,"column":8},"end":{"line":326,"column":54}},"48":{"start":{"line":328,"column":8},"end":{"line":328,"column":12739}},"49":{"start":{"line":330,"column":12},"end":{"line":330,"column":38}},"50":{"start":{"line":331,"column":15},"end":{"line":331,"column":12891}},"51":{"start":{"line":333,"column":12},"end":{"line":333,"column":38}},"52":{"start":{"line":342,"column":8},"end":{"line":342,"column":72}},"53":{"start":{"line":343,"column":8},"end":{"line":343,"column":13360}},"54":{"start":{"line":344,"column":12},"end":{"line":344,"column":23}},"55":{"start":{"line":346,"column":8},"end":{"line":346,"column":94}},"56":{"start":{"line":347,"column":8},"end":{"line":347,"column":47}},"57":{"start":{"line":355,"column":8},"end":{"line":355,"column":72}},"58":{"start":{"line":356,"column":8},"end":{"line":356,"column":13917}},"59":{"start":{"line":357,"column":12},"end":{"line":357,"column":23}},"60":{"start":{"line":359,"column":8},"end":{"line":359,"column":93}},"61":{"start":{"line":360,"column":8},"end":{"line":360,"column":53}},"62":{"start":{"line":368,"column":8},"end":{"line":368,"column":72}},"63":{"start":{"line":369,"column":8},"end":{"line":369,"column":14557}},"64":{"start":{"line":370,"column":12},"end":{"line":370,"column":14626}},"65":{"start":{"line":372,"column":16},"end":{"line":372,"column":42}},"66":{"start":{"line":375,"column":16},"end":{"line":375,"column":42}},"67":{"start":{"line":386,"column":8},"end":{"line":386,"column":89}},"68":{"start":{"line":387,"column":8},"end":{"line":387,"column":50}},"69":{"start":{"line":388,"column":8},"end":{"line":388,"column":15470}},"70":{"start":{"line":393,"column":8},"end":{"line":393,"column":63}},"71":{"start":{"line":395,"column":8},"end":{"line":395,"column":15701}},"72":{"start":{"line":396,"column":12},"end":{"line":396,"column":15763}},"73":{"start":{"line":400,"column":12},"end":{"line":400,"column":15929}},"74":{"start":{"line":405,"column":12},"end":{"line":405,"column":47}},"75":{"start":{"line":406,"column":15},"end":{"line":406,"column":16208}},"76":{"start":{"line":408,"column":12},"end":{"line":408,"column":47}},"77":{"start":{"line":417,"column":8},"end":{"line":417,"column":88}},"78":{"start":{"line":418,"column":8},"end":{"line":418,"column":16751}},"79":{"start":{"line":419,"column":12},"end":{"line":419,"column":23}},"80":{"start":{"line":421,"column":8},"end":{"line":421,"column":98}},"81":{"start":{"line":422,"column":8},"end":{"line":422,"column":51}},"82":{"start":{"line":430,"column":8},"end":{"line":430,"column":88}},"83":{"start":{"line":431,"column":8},"end":{"line":431,"column":17372}},"84":{"start":{"line":432,"column":12},"end":{"line":432,"column":23}},"85":{"start":{"line":434,"column":8},"end":{"line":434,"column":98}},"86":{"start":{"line":435,"column":8},"end":{"line":435,"column":105}},"87":{"start":{"line":443,"column":8},"end":{"line":443,"column":45}},"88":{"start":{"line":444,"column":8},"end":{"line":444,"column":17963}},"89":{"start":{"line":449,"column":8},"end":{"line":449,"column":47}},"90":{"start":{"line":451,"column":8},"end":{"line":451,"column":18168}},"91":{"start":{"line":452,"column":12},"end":{"line":452,"column":18216}},"92":{"start":{"line":455,"column":12},"end":{"line":455,"column":18351}},"93":{"start":{"line":459,"column":12},"end":{"line":459,"column":33}},"94":{"start":{"line":460,"column":15},"end":{"line":460,"column":18585}},"95":{"start":{"line":462,"column":12},"end":{"line":462,"column":33}},"96":{"start":{"line":470,"column":8},"end":{"line":470,"column":18922}},"97":{"start":{"line":471,"column":12},"end":{"line":471,"column":23}},"98":{"start":{"line":473,"column":8},"end":{"line":473,"column":93}},"99":{"start":{"line":474,"column":8},"end":{"line":474,"column":51}},"100":{"start":{"line":481,"column":8},"end":{"line":481,"column":19360}},"101":{"start":{"line":482,"column":12},"end":{"line":482,"column":23}},"102":{"start":{"line":484,"column":8},"end":{"line":484,"column":93}},"103":{"start":{"line":485,"column":8},"end":{"line":485,"column":100}},"104":{"start":{"line":494,"column":8},"end":{"line":494,"column":90}},"105":{"start":{"line":495,"column":8},"end":{"line":495,"column":49}},"106":{"start":{"line":496,"column":8},"end":{"line":496,"column":20182}},"107":{"start":{"line":501,"column":8},"end":{"line":501,"column":66}},"108":{"start":{"line":503,"column":8},"end":{"line":503,"column":20414}},"109":{"start":{"line":506,"column":12},"end":{"line":506,"column":50}},"110":{"start":{"line":507,"column":15},"end":{"line":507,"column":20642}},"111":{"start":{"line":509,"column":12},"end":{"line":509,"column":50}},"112":{"start":{"line":518,"column":8},"end":{"line":518,"column":89}},"113":{"start":{"line":519,"column":8},"end":{"line":519,"column":97}},"114":{"start":{"line":520,"column":8},"end":{"line":520,"column":51}},"115":{"start":{"line":528,"column":8},"end":{"line":528,"column":89}},"116":{"start":{"line":529,"column":8},"end":{"line":529,"column":97}},"117":{"start":{"line":530,"column":8},"end":{"line":530,"column":104}},"118":{"start":{"line":538,"column":8},"end":{"line":538,"column":90}},"119":{"start":{"line":539,"column":8},"end":{"line":539,"column":22412}},"120":{"start":{"line":540,"column":12},"end":{"line":540,"column":22484}},"121":{"start":{"line":543,"column":16},"end":{"line":543,"column":54}},"122":{"start":{"line":546,"column":16},"end":{"line":546,"column":54}}},"branchMap":{"1":{"line":104,"type":"if","locations":[{"start":{"line":104,"column":8},"end":{"line":104,"column":8}},{"start":{"line":104,"column":8},"end":{"line":104,"column":8}}]},"2":{"line":107,"type":"if","locations":[{"start":{"line":107,"column":8},"end":{"line":107,"column":8}},{"start":{"line":107,"column":8},"end":{"line":107,"column":8}}]},"3":{"line":125,"type":"if","locations":[{"start":{"line":125,"column":8},"end":{"line":125,"column":8}},{"start":{"line":125,"column":8},"end":{"line":125,"column":8}}]},"4":{"line":131,"type":"if","locations":[{"start":{"line":131,"column":8},"end":{"line":131,"column":8}},{"start":{"line":131,"column":8},"end":{"line":131,"column":8}}]},"5":{"line":138,"type":"if","locations":[{"start":{"line":138,"column":8},"end":{"line":138,"column":8}},{"start":{"line":138,"column":8},"end":{"line":138,"column":8}}]},"6":{"line":145,"type":"if","locations":[{"start":{"line":145,"column":8},"end":{"line":145,"column":8}},{"start":{"line":145,"column":8},"end":{"line":145,"column":8}}]},"7":{"line":153,"type":"if","locations":[{"start":{"line":153,"column":12},"end":{"line":153,"column":12}},{"start":{"line":153,"column":12},"end":{"line":153,"column":12}}]},"8":{"line":161,"type":"if","locations":[{"start":{"line":161,"column":8},"end":{"line":161,"column":8}},{"start":{"line":161,"column":8},"end":{"line":161,"column":8}}]},"9":{"line":167,"type":"if","locations":[{"start":{"line":167,"column":8},"end":{"line":167,"column":8}},{"start":{"line":167,"column":8},"end":{"line":167,"column":8}}]},"10":{"line":175,"type":"if","locations":[{"start":{"line":175,"column":12},"end":{"line":175,"column":12}},{"start":{"line":175,"column":12},"end":{"line":175,"column":12}}]},"11":{"line":183,"type":"if","locations":[{"start":{"line":183,"column":8},"end":{"line":183,"column":8}},{"start":{"line":183,"column":8},"end":{"line":183,"column":8}}]},"12":{"line":190,"type":"if","locations":[{"start":{"line":190,"column":8},"end":{"line":190,"column":8}},{"start":{"line":190,"column":8},"end":{"line":190,"column":8}}]},"13":{"line":198,"type":"if","locations":[{"start":{"line":198,"column":12},"end":{"line":198,"column":12}},{"start":{"line":198,"column":12},"end":{"line":198,"column":12}}]},"14":{"line":205,"type":"if","locations":[{"start":{"line":205,"column":8},"end":{"line":205,"column":8}},{"start":{"line":205,"column":8},"end":{"line":205,"column":8}}]},"15":{"line":211,"type":"if","locations":[{"start":{"line":211,"column":8},"end":{"line":211,"column":8}},{"start":{"line":211,"column":8},"end":{"line":211,"column":8}}]},"16":{"line":211,"type":"cond-expr","locations":[{"start":{"line":211,"column":16},"end":{"line":211,"column":58}},{"start":{"line":211,"column":63},"end":{"line":211,"column":109}}]},"17":{"line":217,"type":"if","locations":[{"start":{"line":217,"column":8},"end":{"line":217,"column":8}},{"start":{"line":217,"column":8},"end":{"line":217,"column":8}}]},"18":{"line":224,"type":"if","locations":[{"start":{"line":224,"column":12},"end":{"line":224,"column":12}},{"start":{"line":224,"column":12},"end":{"line":224,"column":12}}]},"19":{"line":231,"type":"if","locations":[{"start":{"line":231,"column":8},"end":{"line":231,"column":8}},{"start":{"line":231,"column":8},"end":{"line":231,"column":8}}]},"20":{"line":239,"type":"if","locations":[{"start":{"line":239,"column":53},"end":{"line":239,"column":53}},{"start":{"line":239,"column":53},"end":{"line":239,"column":53}}]},"21":{"line":239,"type":"if","locations":[{"start":{"line":239,"column":61},"end":{"line":239,"column":61}},{"start":{"line":239,"column":61},"end":{"line":239,"column":61}}]},"22":{"line":252,"type":"if","locations":[{"start":{"line":252,"column":52},"end":{"line":252,"column":52}},{"start":{"line":252,"column":52},"end":{"line":252,"column":52}}]},"23":{"line":252,"type":"if","locations":[{"start":{"line":252,"column":60},"end":{"line":252,"column":60}},{"start":{"line":252,"column":60},"end":{"line":252,"column":60}}]},"24":{"line":265,"type":"if","locations":[{"start":{"line":265,"column":56},"end":{"line":265,"column":56}},{"start":{"line":265,"column":56},"end":{"line":265,"column":56}}]},"25":{"line":265,"type":"if","locations":[{"start":{"line":265,"column":71},"end":{"line":265,"column":71}},{"start":{"line":265,"column":71},"end":{"line":265,"column":71}}]},"26":{"line":278,"type":"if","locations":[{"start":{"line":278,"column":68},"end":{"line":278,"column":68}},{"start":{"line":278,"column":68},"end":{"line":278,"column":68}}]},"27":{"line":278,"type":"if","locations":[{"start":{"line":278,"column":83},"end":{"line":278,"column":83}},{"start":{"line":278,"column":83},"end":{"line":278,"column":83}}]},"28":{"line":291,"type":"if","locations":[{"start":{"line":291,"column":61},"end":{"line":291,"column":61}},{"start":{"line":291,"column":61},"end":{"line":291,"column":61}}]},"29":{"line":291,"type":"if","locations":[{"start":{"line":291,"column":69},"end":{"line":291,"column":69}},{"start":{"line":291,"column":69},"end":{"line":291,"column":69}}]},"30":{"line":291,"type":"if","locations":[{"start":{"line":291,"column":89},"end":{"line":291,"column":89}},{"start":{"line":291,"column":89},"end":{"line":291,"column":89}}]},"31":{"line":304,"type":"if","locations":[{"start":{"line":304,"column":65},"end":{"line":304,"column":65}},{"start":{"line":304,"column":65},"end":{"line":304,"column":65}}]},"32":{"line":304,"type":"if","locations":[{"start":{"line":304,"column":73},"end":{"line":304,"column":73}},{"start":{"line":304,"column":73},"end":{"line":304,"column":73}}]},"33":{"line":304,"type":"if","locations":[{"start":{"line":304,"column":93},"end":{"line":304,"column":93}},{"start":{"line":304,"column":93},"end":{"line":304,"column":93}}]},"34":{"line":318,"type":"if","locations":[{"start":{"line":318,"column":67},"end":{"line":318,"column":67}},{"start":{"line":318,"column":67},"end":{"line":318,"column":67}}]},"35":{"line":318,"type":"if","locations":[{"start":{"line":318,"column":75},"end":{"line":318,"column":75}},{"start":{"line":318,"column":75},"end":{"line":318,"column":75}}]},"36":{"line":318,"type":"if","locations":[{"start":{"line":318,"column":90},"end":{"line":318,"column":90}},{"start":{"line":318,"column":90},"end":{"line":318,"column":90}}]},"37":{"line":321,"type":"if","locations":[{"start":{"line":321,"column":8},"end":{"line":321,"column":8}},{"start":{"line":321,"column":8},"end":{"line":321,"column":8}}]},"38":{"line":328,"type":"if","locations":[{"start":{"line":328,"column":8},"end":{"line":328,"column":8}},{"start":{"line":328,"column":8},"end":{"line":328,"column":8}}]},"39":{"line":331,"type":"if","locations":[{"start":{"line":331,"column":15},"end":{"line":331,"column":15}},{"start":{"line":331,"column":15},"end":{"line":331,"column":15}}]},"40":{"line":341,"type":"if","locations":[{"start":{"line":341,"column":63},"end":{"line":341,"column":63}},{"start":{"line":341,"column":63},"end":{"line":341,"column":63}}]},"41":{"line":343,"type":"if","locations":[{"start":{"line":343,"column":8},"end":{"line":343,"column":8}},{"start":{"line":343,"column":8},"end":{"line":343,"column":8}}]},"42":{"line":354,"type":"if","locations":[{"start":{"line":354,"column":63},"end":{"line":354,"column":63}},{"start":{"line":354,"column":63},"end":{"line":354,"column":63}}]},"43":{"line":356,"type":"if","locations":[{"start":{"line":356,"column":8},"end":{"line":356,"column":8}},{"start":{"line":356,"column":8},"end":{"line":356,"column":8}}]},"44":{"line":367,"type":"if","locations":[{"start":{"line":367,"column":62},"end":{"line":367,"column":62}},{"start":{"line":367,"column":62},"end":{"line":367,"column":62}}]},"45":{"line":367,"type":"if","locations":[{"start":{"line":367,"column":70},"end":{"line":367,"column":70}},{"start":{"line":367,"column":70},"end":{"line":367,"column":70}}]},"46":{"line":369,"type":"if","locations":[{"start":{"line":369,"column":8},"end":{"line":369,"column":8}},{"start":{"line":369,"column":8},"end":{"line":369,"column":8}}]},"47":{"line":370,"type":"if","locations":[{"start":{"line":370,"column":12},"end":{"line":370,"column":12}},{"start":{"line":370,"column":12},"end":{"line":370,"column":12}}]},"48":{"line":385,"type":"if","locations":[{"start":{"line":385,"column":76},"end":{"line":385,"column":76}},{"start":{"line":385,"column":76},"end":{"line":385,"column":76}}]},"49":{"line":385,"type":"if","locations":[{"start":{"line":385,"column":84},"end":{"line":385,"column":84}},{"start":{"line":385,"column":84},"end":{"line":385,"column":84}}]},"50":{"line":385,"type":"if","locations":[{"start":{"line":385,"column":105},"end":{"line":385,"column":105}},{"start":{"line":385,"column":105},"end":{"line":385,"column":105}}]},"51":{"line":388,"type":"if","locations":[{"start":{"line":388,"column":8},"end":{"line":388,"column":8}},{"start":{"line":388,"column":8},"end":{"line":388,"column":8}}]},"52":{"line":395,"type":"if","locations":[{"start":{"line":395,"column":8},"end":{"line":395,"column":8}},{"start":{"line":395,"column":8},"end":{"line":395,"column":8}}]},"53":{"line":396,"type":"if","locations":[{"start":{"line":396,"column":12},"end":{"line":396,"column":12}},{"start":{"line":396,"column":12},"end":{"line":396,"column":12}}]},"54":{"line":400,"type":"if","locations":[{"start":{"line":400,"column":12},"end":{"line":400,"column":12}},{"start":{"line":400,"column":12},"end":{"line":400,"column":12}}]},"55":{"line":406,"type":"if","locations":[{"start":{"line":406,"column":15},"end":{"line":406,"column":15}},{"start":{"line":406,"column":15},"end":{"line":406,"column":15}}]},"56":{"line":416,"type":"if","locations":[{"start":{"line":416,"column":72},"end":{"line":416,"column":72}},{"start":{"line":416,"column":72},"end":{"line":416,"column":72}}]},"57":{"line":418,"type":"if","locations":[{"start":{"line":418,"column":8},"end":{"line":418,"column":8}},{"start":{"line":418,"column":8},"end":{"line":418,"column":8}}]},"58":{"line":429,"type":"if","locations":[{"start":{"line":429,"column":72},"end":{"line":429,"column":72}},{"start":{"line":429,"column":72},"end":{"line":429,"column":72}}]},"59":{"line":431,"type":"if","locations":[{"start":{"line":431,"column":8},"end":{"line":431,"column":8}},{"start":{"line":431,"column":8},"end":{"line":431,"column":8}}]},"60":{"line":442,"type":"if","locations":[{"start":{"line":442,"column":52},"end":{"line":442,"column":52}},{"start":{"line":442,"column":52},"end":{"line":442,"column":52}}]},"61":{"line":442,"type":"if","locations":[{"start":{"line":442,"column":60},"end":{"line":442,"column":60}},{"start":{"line":442,"column":60},"end":{"line":442,"column":60}}]},"62":{"line":442,"type":"if","locations":[{"start":{"line":442,"column":69},"end":{"line":442,"column":69}},{"start":{"line":442,"column":69},"end":{"line":442,"column":69}}]},"63":{"line":444,"type":"if","locations":[{"start":{"line":444,"column":8},"end":{"line":444,"column":8}},{"start":{"line":444,"column":8},"end":{"line":444,"column":8}}]},"64":{"line":451,"type":"if","locations":[{"start":{"line":451,"column":8},"end":{"line":451,"column":8}},{"start":{"line":451,"column":8},"end":{"line":451,"column":8}}]},"65":{"line":452,"type":"if","locations":[{"start":{"line":452,"column":12},"end":{"line":452,"column":12}},{"start":{"line":452,"column":12},"end":{"line":452,"column":12}}]},"66":{"line":455,"type":"if","locations":[{"start":{"line":455,"column":12},"end":{"line":455,"column":12}},{"start":{"line":455,"column":12},"end":{"line":455,"column":12}}]},"67":{"line":460,"type":"if","locations":[{"start":{"line":460,"column":15},"end":{"line":460,"column":15}},{"start":{"line":460,"column":15},"end":{"line":460,"column":15}}]},"68":{"line":469,"type":"if","locations":[{"start":{"line":469,"column":50},"end":{"line":469,"column":50}},{"start":{"line":469,"column":50},"end":{"line":469,"column":50}}]},"69":{"line":470,"type":"if","locations":[{"start":{"line":470,"column":8},"end":{"line":470,"column":8}},{"start":{"line":470,"column":8},"end":{"line":470,"column":8}}]},"70":{"line":480,"type":"if","locations":[{"start":{"line":480,"column":50},"end":{"line":480,"column":50}},{"start":{"line":480,"column":50},"end":{"line":480,"column":50}}]},"71":{"line":481,"type":"if","locations":[{"start":{"line":481,"column":8},"end":{"line":481,"column":8}},{"start":{"line":481,"column":8},"end":{"line":481,"column":8}}]},"72":{"line":493,"type":"if","locations":[{"start":{"line":493,"column":79},"end":{"line":493,"column":79}},{"start":{"line":493,"column":79},"end":{"line":493,"column":79}}]},"73":{"line":493,"type":"if","locations":[{"start":{"line":493,"column":87},"end":{"line":493,"column":87}},{"start":{"line":493,"column":87},"end":{"line":493,"column":87}}]},"74":{"line":493,"type":"if","locations":[{"start":{"line":493,"column":111},"end":{"line":493,"column":111}},{"start":{"line":493,"column":111},"end":{"line":493,"column":111}}]},"75":{"line":496,"type":"if","locations":[{"start":{"line":496,"column":8},"end":{"line":496,"column":8}},{"start":{"line":496,"column":8},"end":{"line":496,"column":8}}]},"76":{"line":503,"type":"if","locations":[{"start":{"line":503,"column":8},"end":{"line":503,"column":8}},{"start":{"line":503,"column":8},"end":{"line":503,"column":8}}]},"77":{"line":507,"type":"if","locations":[{"start":{"line":507,"column":15},"end":{"line":507,"column":15}},{"start":{"line":507,"column":15},"end":{"line":507,"column":15}}]},"78":{"line":517,"type":"if","locations":[{"start":{"line":517,"column":75},"end":{"line":517,"column":75}},{"start":{"line":517,"column":75},"end":{"line":517,"column":75}}]},"79":{"line":527,"type":"if","locations":[{"start":{"line":527,"column":75},"end":{"line":527,"column":75}},{"start":{"line":527,"column":75},"end":{"line":527,"column":75}}]},"80":{"line":537,"type":"if","locations":[{"start":{"line":537,"column":74},"end":{"line":537,"column":74}},{"start":{"line":537,"column":74},"end":{"line":537,"column":74}}]},"81":{"line":537,"type":"if","locations":[{"start":{"line":537,"column":82},"end":{"line":537,"column":82}},{"start":{"line":537,"column":82},"end":{"line":537,"column":82}}]},"82":{"line":539,"type":"if","locations":[{"start":{"line":539,"column":8},"end":{"line":539,"column":8}},{"start":{"line":539,"column":8},"end":{"line":539,"column":8}}]},"83":{"line":540,"type":"if","locations":[{"start":{"line":540,"column":12},"end":{"line":540,"column":12}},{"start":{"line":540,"column":12},"end":{"line":540,"column":12}}]}}}}
