TN:
SF:/home/tobias/repos/masterthesis/EthOps/src/DevOpsRegistry/contracts/DevOpsRegistry.sol
FN:102,constructor
FN:124,isMainPipeline
FN:130,isVoter
FN:136,vpExists
FN:143,vpUnique
FN:150,vpHasNotVoted
FN:159,rbpExists
FN:166,rbpUnique
FN:172,rbpNotVoted
FN:181,dpExists
FN:188,dpUnique
FN:195,dpNotVoted
FN:204,qpExists
FN:210,qpActive
FN:216,qpUnique
FN:222,qpNotVoted
FN:230,quorumValid
FN:239,nominateVoter
FN:252,releaseVoter
FN:265,createVersionProposal
FN:278,createDeploymentProposal
FN:291,createVersionQuorumProposal
FN:304,createRoleBindingQuorumProposal
FN:318,voteVersionProposal
FN:341,versionProposalAccepted
FN:354,versionProposalRejected
FN:367,triggerVersionProposalCheck
FN:385,voteRoleBindingProposal
FN:416,roleBindingProposalAccepted
FN:429,roleBindingProposalRejected
FN:442,voteQuorumProposal
FN:469,quorumProposalAccepted
FN:480,quorumProposalRejected
FN:493,voteDeploymentProposal
FN:517,deploymentProposalAccepted
FN:527,deploymentProposalRejected
FN:537,triggerDeploymentProposalCheck
FNF:37
FNH:37
FNDA:231,constructor
FNDA:35,isMainPipeline
FNDA:167,isVoter
FNDA:185,vpExists
FNDA:21,vpUnique
FNDA:47,vpHasNotVoted
FNDA:69,rbpExists
FNDA:16,rbpUnique
FNDA:23,rbpNotVoted
FNDA:78,dpExists
FNDA:12,dpUnique
FNDA:18,dpNotVoted
FNDA:42,qpExists
FNDA:23,qpActive
FNDA:15,qpUnique
FNDA:22,qpNotVoted
FNDA:17,quorumValid
FNDA:8,nominateVoter
FNDA:6,releaseVoter
FNDA:20,createVersionProposal
FNDA:11,createDeploymentProposal
FNDA:6,createVersionQuorumProposal
FNDA:7,createRoleBindingQuorumProposal
FNDA:46,voteVersionProposal
FNDA:73,versionProposalAccepted
FNDA:58,versionProposalRejected
FNDA:3,triggerVersionProposalCheck
FNDA:22,voteRoleBindingProposal
FNDA:25,roleBindingProposalAccepted
FNDA:18,roleBindingProposalRejected
FNDA:21,voteQuorumProposal
FNDA:23,quorumProposalAccepted
FNDA:17,quorumProposalRejected
FNDA:17,voteDeploymentProposal
FNDA:28,deploymentProposalAccepted
FNDA:25,deploymentProposalRejected
FNDA:3,triggerDeploymentProposalCheck
DA:103,231
DA:104,231
DA:105,2
DA:107,229
DA:108,1
DA:110,228
DA:111,228
DA:112,228
DA:114,228
DA:115,684
DA:118,228
DA:119,228
DA:120,228
DA:125,35
DA:126,33
DA:131,167
DA:132,155
DA:137,185
DA:138,185
DA:139,181
DA:144,21
DA:145,21
DA:146,20
DA:151,47
DA:152,47
DA:153,53
DA:155,46
DA:160,69
DA:161,69
DA:162,66
DA:167,16
DA:168,14
DA:173,23
DA:174,23
DA:175,19
DA:177,22
DA:182,78
DA:183,78
DA:184,74
DA:189,12
DA:190,12
DA:191,11
DA:196,18
DA:197,18
DA:198,15
DA:200,17
DA:205,42
DA:206,40
DA:211,23
DA:212,22
DA:217,15
DA:218,13
DA:223,22
DA:224,20
DA:226,21
DA:231,17
DA:232,15
DA:240,8
DA:241,8
DA:242,8
DA:243,8
DA:244,8
DA:245,8
DA:253,6
DA:254,6
DA:255,6
DA:256,6
DA:257,6
DA:258,6
DA:266,20
DA:267,20
DA:268,20
DA:269,20
DA:270,20
DA:271,20
DA:279,11
DA:280,11
DA:281,11
DA:282,11
DA:283,11
DA:284,11
DA:292,6
DA:293,6
DA:294,6
DA:295,6
DA:296,6
DA:297,6
DA:305,7
DA:306,7
DA:307,7
DA:308,7
DA:309,7
DA:310,7
DA:319,46
DA:320,46
DA:321,46
DA:322,43
DA:324,3
DA:326,46
DA:328,46
DA:329,11
DA:330,11
DA:332,2
DA:333,2
DA:342,73
DA:343,73
DA:344,11
DA:346,62
DA:347,62
DA:355,58
DA:356,58
DA:357,3
DA:359,55
DA:360,55
DA:368,3
DA:369,3
DA:370,2
DA:371,1
DA:372,1
DA:374,1
DA:375,1
DA:386,22
DA:387,22
DA:388,22
DA:389,21
DA:391,1
DA:393,22
DA:395,22
DA:396,7
DA:397,3
DA:398,3
DA:400,7
DA:401,4
DA:402,4
DA:404,7
DA:405,7
DA:407,1
DA:408,1
DA:417,25
DA:418,25
DA:419,1
DA:421,24
DA:422,24
DA:430,18
DA:431,18
DA:432,1
DA:434,17
DA:435,17
DA:443,21
DA:444,21
DA:445,20
DA:447,1
DA:449,21
DA:451,21
DA:452,6
DA:453,3
DA:455,6
DA:456,3
DA:458,6
DA:459,6
DA:461,1
DA:462,1
DA:470,23
DA:471,1
DA:473,22
DA:474,22
DA:481,17
DA:482,1
DA:484,16
DA:485,16
DA:494,17
DA:495,17
DA:496,17
DA:497,14
DA:499,3
DA:501,17
DA:503,17
DA:504,2
DA:505,2
DA:506,2
DA:508,2
DA:509,2
DA:518,28
DA:519,28
DA:520,28
DA:528,25
DA:529,25
DA:530,25
DA:538,3
DA:539,3
DA:540,2
DA:541,1
DA:542,1
DA:543,1
DA:545,1
DA:546,1
LF:196
LH:196
BRDA:104,1,0,2
BRDA:104,1,1,229
BRDA:107,2,0,1
BRDA:107,2,1,228
BRDA:125,3,0,33
BRDA:125,3,1,2
BRDA:131,4,0,155
BRDA:131,4,1,12
BRDA:138,5,0,181
BRDA:138,5,1,4
BRDA:145,6,0,20
BRDA:145,6,1,1
BRDA:153,7,0,52
BRDA:153,7,1,1
BRDA:161,8,0,66
BRDA:161,8,1,3
BRDA:167,9,0,14
BRDA:167,9,1,2
BRDA:175,10,0,18
BRDA:175,10,1,1
BRDA:183,11,0,74
BRDA:183,11,1,4
BRDA:190,12,0,11
BRDA:190,12,1,1
BRDA:198,13,0,14
BRDA:198,13,1,1
BRDA:205,14,0,40
BRDA:205,14,1,2
BRDA:211,15,0,22
BRDA:211,15,1,1
BRDA:211,16,0,12
BRDA:211,16,1,10
BRDA:217,17,0,13
BRDA:217,17,1,2
BRDA:224,18,0,19
BRDA:224,18,1,1
BRDA:231,19,0,15
BRDA:231,19,1,2
BRDA:239,20,0,9
BRDA:239,20,1,1
BRDA:239,21,0,8
BRDA:239,21,1,1
BRDA:252,22,0,7
BRDA:252,22,1,1
BRDA:252,23,0,6
BRDA:252,23,1,1
BRDA:265,24,0,21
BRDA:265,24,1,1
BRDA:265,25,0,20
BRDA:265,25,1,1
BRDA:278,26,0,12
BRDA:278,26,1,1
BRDA:278,27,0,11
BRDA:278,27,1,1
BRDA:291,28,0,8
BRDA:291,28,1,1
BRDA:291,29,0,7
BRDA:291,29,1,1
BRDA:291,30,0,6
BRDA:291,30,1,1
BRDA:304,31,0,9
BRDA:304,31,1,1
BRDA:304,32,0,8
BRDA:304,32,1,1
BRDA:304,33,0,7
BRDA:304,33,1,1
BRDA:318,34,0,48
BRDA:318,34,1,3
BRDA:318,35,0,47
BRDA:318,35,1,1
BRDA:318,36,0,46
BRDA:318,36,1,1
BRDA:321,37,0,43
BRDA:321,37,1,3
BRDA:328,38,0,11
BRDA:328,38,1,35
BRDA:331,39,0,2
BRDA:331,39,1,33
BRDA:341,40,0,73
BRDA:341,40,1,1
BRDA:343,41,0,11
BRDA:343,41,1,62
BRDA:354,42,0,58
BRDA:354,42,1,1
BRDA:356,43,0,3
BRDA:356,43,1,55
BRDA:367,44,0,4
BRDA:367,44,1,1
BRDA:367,45,0,3
BRDA:367,45,1,1
BRDA:369,46,0,2
BRDA:369,46,1,1
BRDA:370,47,0,1
BRDA:370,47,1,1
BRDA:385,48,0,24
BRDA:385,48,1,1
BRDA:385,49,0,23
BRDA:385,49,1,1
BRDA:385,50,0,22
BRDA:385,50,1,1
BRDA:388,51,0,21
BRDA:388,51,1,1
BRDA:395,52,0,7
BRDA:395,52,1,15
BRDA:396,53,0,3
BRDA:396,53,1,4
BRDA:400,54,0,4
BRDA:400,54,1,3
BRDA:406,55,0,1
BRDA:406,55,1,14
BRDA:416,56,0,25
BRDA:416,56,1,1
BRDA:418,57,0,1
BRDA:418,57,1,24
BRDA:429,58,0,18
BRDA:429,58,1,1
BRDA:431,59,0,1
BRDA:431,59,1,17
BRDA:442,60,0,23
BRDA:442,60,1,1
BRDA:442,61,0,22
BRDA:442,61,1,1
BRDA:442,62,0,21
BRDA:442,62,1,1
BRDA:444,63,0,20
BRDA:444,63,1,1
BRDA:451,64,0,6
BRDA:451,64,1,15
BRDA:452,65,0,3
BRDA:452,65,1,3
BRDA:455,66,0,3
BRDA:455,66,1,3
BRDA:460,67,0,1
BRDA:460,67,1,14
BRDA:469,68,0,23
BRDA:469,68,1,1
BRDA:470,69,0,1
BRDA:470,69,1,22
BRDA:480,70,0,17
BRDA:480,70,1,1
BRDA:481,71,0,1
BRDA:481,71,1,16
BRDA:493,72,0,19
BRDA:493,72,1,1
BRDA:493,73,0,18
BRDA:493,73,1,1
BRDA:493,74,0,17
BRDA:493,74,1,1
BRDA:496,75,0,14
BRDA:496,75,1,3
BRDA:503,76,0,2
BRDA:503,76,1,15
BRDA:507,77,0,2
BRDA:507,77,1,13
BRDA:517,78,0,28
BRDA:517,78,1,1
BRDA:527,79,0,25
BRDA:527,79,1,1
BRDA:537,80,0,4
BRDA:537,80,1,1
BRDA:537,81,0,3
BRDA:537,81,1,1
BRDA:539,82,0,2
BRDA:539,82,1,1
BRDA:540,83,0,1
BRDA:540,83,1,1
BRF:166
BRH:166
end_of_record
